<?xml version="1.0" encoding="UTF-8"?>
<!-- Generated by org.testng.reporters.JUnitReportReporter -->
<testsuite skipped="0" hostname="Vivekreddy" name="udemy.maven.testing.RestAPITest" tests="2" failures="0" timestamp="30 Oct 2018 02:26:35 GMT" time="0.007" errors="0">
  <testcase name="readAPI" time="0.003" classname="udemy.maven.testing.RestAPITest"/>
  <testcase name="deleteAPI" time="0.004" classname="udemy.maven.testing.RestAPITest"/>
</testsuite> <!-- udemy.maven.testing.RestAPITest -->
