<?xml version="1.0" encoding="UTF-8"?>
<!-- Generated by org.testng.reporters.JUnitReportReporter -->
<testsuite skipped="0" hostname="Vivekreddy" name="udemy.maven.testing.AppiumExample" tests="5" failures="0" timestamp="30 Oct 2018 02:26:35 GMT" time="30.787" errors="0">
  <testcase name="oppoTest" time="0.004" classname="udemy.maven.testing.AppiumExample"/>
  <testcase name="samsungTest" time="0.003" classname="udemy.maven.testing.AppiumExample"/>
  <testcase name="firefoxTest" time="17.903" classname="udemy.maven.testing.AppiumExample"/>
  <testcase name="chromeTest" time="12.874" classname="udemy.maven.testing.AppiumExample"/>
  <testcase name="testOverride" time="0.003" classname="udemy.maven.testing.AppiumExample"/>
</testsuite> <!-- udemy.maven.testing.AppiumExample -->
