<?xml version="1.0" encoding="UTF-8"?>
<!-- Generated by org.testng.reporters.JUnitReportReporter -->
<testsuite skipped="0" hostname="Vivekreddy" name="udemy.maven.jenkins.SeleniumTest" tests="2" failures="0" timestamp="30 Oct 2018 01:14:55 GMT" time="24.384" errors="0">
  <testcase name="chromeTest" time="12.168" classname="udemy.maven.jenkins.SeleniumTest"/>
  <testcase name="firefoxTest" time="12.216" classname="udemy.maven.jenkins.SeleniumTest"/>
</testsuite> <!-- udemy.maven.jenkins.SeleniumTest -->
