<?xml version="1.0" encoding="UTF-8"?>
<!-- Generated by org.testng.reporters.JUnitReportReporter -->
<testsuite skipped="0" hostname="Vivekreddy" name="udemy.maven.jenkins.TestNG" tests="1" failures="0" timestamp="30 Oct 2018 02:26:35 GMT" time="0.030" errors="0">
  <testcase name="basicTest" time="0.030" classname="udemy.maven.jenkins.TestNG"/>
</testsuite> <!-- udemy.maven.jenkins.TestNG -->
