<?xml version="1.0" encoding="UTF-8"?>
<!-- Generated by org.testng.reporters.JUnitReportReporter -->
<testsuite skipped="0" hostname="Vivekreddy" name="udemy.maven.jenkins.TestNG" tests="1" failures="0" timestamp="08 Nov 2018 20:06:56 GMT" time="0.017" errors="0">
  <testcase name="basicTest" time="0.017" classname="udemy.maven.jenkins.TestNG"/>
</testsuite> <!-- udemy.maven.jenkins.TestNG -->
