<?xml version="1.0" encoding="UTF-8"?>
<!-- Generated by org.testng.reporters.JUnitReportReporter -->
<testsuite skipped="0" hostname="Vivekreddy" name="udemy.maven.testing.AppiumExample" tests="5" failures="0" timestamp="08 Nov 2018 20:06:56 GMT" time="35.210" errors="0">
  <testcase name="firefoxTest" time="17.574" classname="udemy.maven.testing.AppiumExample"/>
  <testcase name="chromeTest" time="17.635" classname="udemy.maven.testing.AppiumExample"/>
  <testcase name="oppoTest" time="0.000" classname="udemy.maven.testing.AppiumExample"/>
  <testcase name="testOverride" time="0.000" classname="udemy.maven.testing.AppiumExample"/>
  <testcase name="samsungTest" time="0.001" classname="udemy.maven.testing.AppiumExample"/>
</testsuite> <!-- udemy.maven.testing.AppiumExample -->
