<?xml version="1.0" encoding="UTF-8"?>
<!-- Generated by org.testng.reporters.JUnitReportReporter -->
<testsuite skipped="0" hostname="Vivekreddy" name="udemy.maven.testing.MavenTest" tests="1" failures="0" timestamp="08 Nov 2018 19:46:51 GMT" time="0.000" errors="0">
  <testcase name="testGitMaven" time="0.000" classname="udemy.maven.testing.MavenTest"/>
</testsuite> <!-- udemy.maven.testing.MavenTest -->
