<?xml version="1.0" encoding="UTF-8"?>
<!-- Generated by org.testng.reporters.JUnitReportReporter -->
<testsuite skipped="0" hostname="Vivekreddy" name="udemy.maven.testing.RestAPITest" tests="2" failures="0" timestamp="08 Nov 2018 19:46:51 GMT" time="0.000" errors="0">
  <testcase name="deleteAPI" time="0.000" classname="udemy.maven.testing.RestAPITest"/>
  <testcase name="readAPI" time="0.000" classname="udemy.maven.testing.RestAPITest"/>
</testsuite> <!-- udemy.maven.testing.RestAPITest -->
